Build started 17.06.2011 15:29:49.
     1>Project "D:\icfpcontest\Gathering\Gathering\Gathering.vcxproj" on node 2 (build target(s)).
     1>InitializeBuildStatus:
         Creating "Debug\Gathering.unsuccessfulbuild" because "AlwaysCreate" was specified.
       ClCompile:
         C:\Program Files\Microsoft Visual Studio 10.0\VC\bin\CL.exe /c /ZI /nologo /W3 /WX- /Od /Oy- /D WIN32 /D _DEBUG /D _CONSOLE /D _UNICODE /D UNICODE /Gm /EHsc /RTC1 /MDd /GS /fp:precise /Zc:wchar_t /Zc:forScope /Fo"Debug\\" /Fd"Debug\vc100.pdb" /Gd /TP /analyze- /errorReport:prompt Gathering.cpp
         Gathering.cpp
     1>d:\icfpcontest\gathering\gathering\gathering.cpp(24): warning C4996: 'strcmpi': The POSIX name for this item is deprecated. Instead, use the ISO C++ conformant name: _strcmpi. See online help for details.
                 c:\program files\microsoft visual studio 10.0\vc\include\string.h(245) : see declaration of 'strcmpi'
       ManifestResourceCompile:
         All outputs are up-to-date.
       Link:
         C:\Program Files\Microsoft Visual Studio 10.0\VC\bin\link.exe /ERRORREPORT:PROMPT /OUT:"D:\icfpcontest\Gathering\Debug\Gathering.exe" /INCREMENTAL /NOLOGO kernel32.lib user32.lib gdi32.lib winspool.lib comdlg32.lib advapi32.lib shell32.lib ole32.lib oleaut32.lib uuid.lib odbc32.lib odbccp32.lib /MANIFEST /ManifestFile:"Debug\Gathering.exe.intermediate.manifest" /MANIFESTUAC:"level='asInvoker' uiAccess='false'" /DEBUG /PDB:"D:\icfpcontest\Gathering\Debug\Gathering.pdb" /SUBSYSTEM:CONSOLE /TLBID:1 /DYNAMICBASE /NXCOMPAT /IMPLIB:"D:\icfpcontest\Gathering\Debug\Gathering.lib" /MACHINE:X86 Debug\Gathering.exe.embed.manifest.res
         Debug\Gathering.obj
       Manifest:
         C:\Program Files\Microsoft SDKs\Windows\v7.0A\bin\mt.exe /nologo /verbose /out:"Debug\Gathering.exe.embed.manifest" /manifest Debug\Gathering.exe.intermediate.manifest
         All outputs are up-to-date.
       LinkEmbedManifest:
         All outputs are up-to-date.
         Gathering.vcxproj -> D:\icfpcontest\Gathering\Debug\Gathering.exe
       FinalizeBuildStatus:
         Deleting file "Debug\Gathering.unsuccessfulbuild".
         Touching "Debug\Gathering.lastbuildstate".
     1>Done Building Project "D:\icfpcontest\Gathering\Gathering\Gathering.vcxproj" (build target(s)).

Build succeeded.

Time Elapsed 00:00:03.74
